\BOOKMARK [1][-]{section.1}{\376\377\000C\000o\000n\000t\000e\000x\000t\000e\000\040\000e\000t\000\040\000o\000b\000j\000e\000c\000t\000i\000f\000\040\000d\000u\000\040\000p\000r\000o\000j\000e\000t}{}% 1
\BOOKMARK [2][-]{subsection.1.1}{\376\377\000P\000r\000\351\000s\000e\000n\000t\000a\000t\000i\000o\000n\000\040\000d\000u\000\040\000p\000r\000o\000j\000e\000t}{section.1}% 2
\BOOKMARK [2][-]{subsection.1.2}{\376\377\000O\000b\000j\000e\000c\000t\000i\000f\000s\000\040\000p\000r\000i\000n\000c\000i\000p\000a\000u\000x}{section.1}% 3
\BOOKMARK [1][-]{section.2}{\376\377\000P\000u\000b\000l\000i\000c\000\040\000c\000i\000b\000l\000e}{}% 4
\BOOKMARK [2][-]{subsection.2.1}{\376\377\000D\000\351\000f\000i\000n\000i\000r\000\040\000l\000e\000s\000\040\000u\000t\000i\000l\000i\000s\000a\000t\000e\000u\000r\000s}{section.2}% 5
\BOOKMARK [1][-]{section.3}{\376\377\000F\000o\000n\000c\000t\000i\000o\000n\000n\000a\000l\000i\000t\000\351\000s\000\040\000a\000t\000t\000e\000n\000d\000u\000e\000s}{}% 6
\BOOKMARK [2][-]{subsection.3.1}{\376\377\000F\000o\000n\000c\000t\000i\000o\000n\000n\000a\000l\000i\000t\000\351\000s\000\040\000p\000r\000i\000n\000c\000i\000p\000a\000l\000e\000s\000\040\000p\000o\000u\000r\000\040\000l\000'\000u\000t\000i\000l\000i\000s\000a\000t\000e\000u\000r}{section.3}% 7
\BOOKMARK [2][-]{subsection.3.2}{\376\377\000F\000o\000n\000c\000t\000i\000o\000n\000n\000a\000l\000i\000t\000\351\000s\000\040\000a\000v\000a\000n\000c\000\351\000e\000s}{section.3}% 8
\BOOKMARK [2][-]{subsection.3.3}{\376\377\000F\000o\000n\000c\000t\000i\000o\000n\000n\000a\000l\000i\000t\000\351\000s\000\040\000a\000d\000m\000i\000n\000i\000s\000t\000r\000a\000t\000i\000v\000e\000s}{section.3}% 9
\BOOKMARK [1][-]{section.4}{\376\377\000F\000o\000n\000c\000t\000i\000o\000n\000n\000a\000l\000i\000t\000\351\000s\000\040\000e\000n\000v\000i\000s\000a\000g\000\351\000e\000s}{}% 10
\BOOKMARK [2][-]{subsection.4.1}{\376\377\000\040\000F\000o\000n\000c\000t\000i\000o\000n\000n\000a\000l\000i\000t\000\351\000\040\000o\000p\000t\000i\000o\000n\000n\000e\000l\000l\000e\000\040\000:\000\040\000C\000o\000n\000t\000r\000\364\000l\000e\000\040\000\340\000\040\000d\000i\000s\000t\000a\000n\000c\000e\000\040\000d\000'\000u\000n\000\040\000c\000l\000i\000m\000a\000t\000i\000s\000e\000u\000r}{section.4}% 11
\BOOKMARK [1][-]{section.5}{\376\377\000T\000e\000c\000h\000n\000o\000l\000o\000g\000i\000e\000s\000\040\000u\000t\000i\000l\000i\000s\000\351\000e\000s}{}% 12
\BOOKMARK [2][-]{subsection.5.1}{\376\377\000F\000r\000o\000n\000t\000e\000n\000d\000\040\000\050\000c\000\364\000t\000\351\000\040\000u\000t\000i\000l\000i\000s\000a\000t\000e\000u\000r\000\051}{section.5}% 13
\BOOKMARK [2][-]{subsection.5.2}{\376\377\000B\000a\000c\000k\000e\000n\000d\000\040\000\050\000c\000\364\000t\000\351\000\040\000s\000e\000r\000v\000e\000u\000r\000\051}{section.5}% 14
\BOOKMARK [2][-]{subsection.5.3}{\376\377\000I\000n\000f\000r\000a\000s\000t\000r\000u\000c\000t\000u\000r\000e}{section.5}% 15
\BOOKMARK [2][-]{subsection.5.4}{\376\377\000A\000u\000t\000r\000e\000s\000\040\000o\000u\000t\000i\000l\000s}{section.5}% 16
\BOOKMARK [1][-]{section.6}{\376\377\000I\000n\000t\000e\000r\000f\000a\000c\000e\000\040\000u\000t\000i\000l\000i\000s\000a\000t\000e\000u\000r\000\040\000\050\000U\000I\000/\000U\000X\000\051}{}% 17
\BOOKMARK [1][-]{section.7}{\376\377\000C\000o\000n\000t\000r\000a\000i\000n\000t\000e\000s\000\040\000t\000e\000c\000h\000n\000i\000q\000u\000e\000s\000\040\000e\000t\000\040\000f\000o\000n\000c\000t\000i\000o\000n\000n\000e\000l\000l\000e\000s}{}% 18
\BOOKMARK [1][-]{section.8}{\376\377\000P\000l\000a\000n\000i\000f\000i\000c\000a\000t\000i\000o\000n\000\040\000d\000u\000\040\000p\000r\000o\000j\000e\000t}{}% 19
\BOOKMARK [2][-]{subsection.8.1}{\376\377\000P\000h\000a\000s\000e\000s\000\040\000d\000u\000\040\000p\000r\000o\000j\000e\000t}{section.8}% 20
\BOOKMARK [2][-]{subsection.8.2}{\376\377\000D\000\351\000l\000a\000i\000s\000\040\000e\000t\000\040\000B\000u\000d\000g\000e\000t}{section.8}% 21
\BOOKMARK [1][-]{section.9}{\376\377\000C\000r\000i\000t\000\350\000r\000e\000s\000\040\000d\000e\000\040\000v\000a\000l\000i\000d\000a\000t\000i\000o\000n}{}% 22
\BOOKMARK [1][-]{section.10}{\376\377\000M\000a\000i\000n\000t\000e\000n\000a\000n\000c\000e\000\040\000e\000t\000\040\000\351\000v\000o\000l\000u\000t\000i\000o\000n\000s\000\040\000f\000u\000t\000u\000r\000e\000s}{}% 23
\BOOKMARK [2][-]{subsection.10.1}{\376\377\000S\000u\000i\000v\000i}{section.10}% 24
\BOOKMARK [2][-]{subsection.10.2}{\376\377\000\311\000v\000o\000l\000u\000t\000i\000o\000n\000s}{section.10}% 25
